samples/MessengerSendSample/build/outputs/logs/manifest-merger-debug-report.txt
-- Merging decision tree log ---
manifest
ADDED from src/main/AndroidManifest.xml:22:1-62:12
	package
		ADDED from src/main/AndroidManifest.xml:23:11-56
		INJECTED from src/main/AndroidManifest.xml
		INJECTED from src/main/AndroidManifest.xml
	android:versionName
		INJECTED from src/main/AndroidManifest.xml
		INJECTED from src/main/AndroidManifest.xml
	xmlns:android
		ADDED from src/main/AndroidManifest.xml:22:11-69
	android:versionCode
		INJECTED from src/main/AndroidManifest.xml
		INJECTED from src/main/AndroidManifest.xml
uses-permission#android.permission.ACCESS_NETWORK_STATE
ADDED from src/main/AndroidManifest.xml:25:3-77
	android:name
		ADDED from src/main/AndroidManifest.xml:25:20-74
uses-permission#android.permission.INTERNET
ADDED from src/main/AndroidManifest.xml:26:3-65
	android:name
		ADDED from src/main/AndroidManifest.xml:26:20-62
application
ADDED from src/main/AndroidManifest.xml:28:3-61:17
MERGED from [com.facebook.android:facebook:4.6.0] AndroidManifest.xml:28:5-20
MERGED from [com.android.support:support-v4:22.2.1] AndroidManifest.xml:22:5-20
MERGED from [com.android.support:appcompat-v7:21.0.3] AndroidManifest.xml:16:5-19
MERGED from [com.android.support:support-v4:22.2.1] AndroidManifest.xml:22:5-20
	android:label
		ADDED from src/main/AndroidManifest.xml:31:7-39
	android:icon
		ADDED from src/main/AndroidManifest.xml:30:7-27
	android:theme
		ADDED from src/main/AndroidManifest.xml:32:7-57
	android:name
		ADDED from src/main/AndroidManifest.xml:29:7-52
meta-data#com.facebook.sdk.ApplicationId
ADDED from src/main/AndroidManifest.xml:34:5-36:50
	android:value
		ADDED from src/main/AndroidManifest.xml:36:9-48
	android:name
		ADDED from src/main/AndroidManifest.xml:35:9-54
activity#com.facebook.samples.messenger.send.MainActivity
ADDED from src/main/AndroidManifest.xml:38:5-59:16
	android:name
		ADDED from src/main/AndroidManifest.xml:39:9-37
intent-filter#android.intent.action.MAIN+android.intent.category.LAUNCHER
ADDED from src/main/AndroidManifest.xml:40:7-43:23
action#android.intent.action.MAIN
ADDED from src/main/AndroidManifest.xml:41:9-61
	android:name
		ADDED from src/main/AndroidManifest.xml:41:17-58
category#android.intent.category.LAUNCHER
ADDED from src/main/AndroidManifest.xml:42:9-69
	android:name
		ADDED from src/main/AndroidManifest.xml:42:19-66
intent-filter#android.intent.action.PICK+android.intent.category.DEFAULT+com.facebook.orca.category.PLATFORM_THREAD_20150311
ADDED from src/main/AndroidManifest.xml:46:7-50:23
action#android.intent.action.PICK
ADDED from src/main/AndroidManifest.xml:47:9-61
	android:name
		ADDED from src/main/AndroidManifest.xml:47:17-58
category#android.intent.category.DEFAULT
ADDED from src/main/AndroidManifest.xml:48:9-67
	android:name
		ADDED from src/main/AndroidManifest.xml:48:19-65
category#com.facebook.orca.category.PLATFORM_THREAD_20150311
ADDED from src/main/AndroidManifest.xml:49:9-87
	android:name
		ADDED from src/main/AndroidManifest.xml:49:19-85
intent-filter#android.intent.action.PICK+android.intent.category.DEFAULT+com.facebook.orca.category.PLATFORM_THREAD_20150314
ADDED from src/main/AndroidManifest.xml:53:7-57:23
category#com.facebook.orca.category.PLATFORM_THREAD_20150314
ADDED from src/main/AndroidManifest.xml:56:9-87
	android:name
		ADDED from src/main/AndroidManifest.xml:56:19-85
uses-sdk
INJECTED from src/main/AndroidManifest.xml reason: use-sdk injection requested
MERGED from [com.facebook.android:facebook:4.6.0] AndroidManifest.xml:24:5-26:41
MERGED from [com.android.support:support-v4:22.2.1] AndroidManifest.xml:20:5-43
MERGED from [com.android.support:appcompat-v7:21.0.3] AndroidManifest.xml:15:5-42
MERGED from [com.android.support:support-v4:22.2.1] AndroidManifest.xml:20:5-43
	android:targetSdkVersion
		INJECTED from src/main/AndroidManifest.xml
		INJECTED from src/main/AndroidManifest.xml
	android:minSdkVersion
		INJECTED from src/main/AndroidManifest.xml
		INJECTED from src/main/AndroidManifest.xml